During startup - Warning message:
Setting LC_CTYPE failed, using "C" 
Fontconfig warning: ignoring UTF-8: not a valid region tag
Registered S3 method overwritten by 'GGally':
  method from   
  +.gg   ggplot2
During startup - Warning message:
Setting LC_CTYPE failed, using "C" 
During startup - Warning message:
Setting LC_CTYPE failed, using "C" 
During startup - Warning message:
Setting LC_CTYPE failed, using "C" 
During startup - Warning message:
Setting LC_CTYPE failed, using "C" 
During startup - Warning message:
Setting LC_CTYPE failed, using "C" 
During startup - Warning message:
Setting LC_CTYPE failed, using "C" 
During startup - Warning message:
Setting LC_CTYPE failed, using "C" 
During startup - Warning message:
Setting LC_CTYPE failed, using "C" 
Warning messages:
1: Removed 2 row(s) containing missing values (geom_path). 
2: Removed 15 row(s) containing missing values (geom_path). 
3: Removed 14 row(s) containing missing values (geom_path). 
4: Removed 19 row(s) containing missing values (geom_path). 
